2019-06-25 01:47:38,273 CRIT Supervisor running as root (no user in config file)
2019-06-25 01:47:38,273 INFO Included extra file "/etc/supervisor/conf.d/supervisord.conf" during parsing
2019-06-25 01:47:38,299 INFO RPC interface 'supervisor' initialized
2019-06-25 01:47:38,300 CRIT Server 'unix_http_server' running without any HTTP authentication checking
2019-06-25 01:47:38,300 INFO supervisord started with pid 1
2019-06-25 01:47:39,305 INFO spawned: 'varnishd' with pid 15
2019-06-25 01:47:39,308 INFO spawned: 'php-fpm' with pid 16
2019-06-25 01:47:39,312 INFO spawned: 'varnish-plugins-watcher' with pid 17
2019-06-25 01:47:39,319 INFO spawned: 'nginx' with pid 18
2019-06-25 01:47:39,334 INFO spawned: 'MailHog' with pid 19
2019-06-25 01:47:39,349 INFO spawned: 'mysql' with pid 20
2019-06-25 01:47:39,374 INFO spawned: 'varnish-themes-watcher' with pid 21
2019-06-25 01:47:40,595 INFO success: varnishd entered RUNNING state, process has stayed up for > than 1 seconds (startsecs)
2019-06-25 01:47:40,595 INFO success: php-fpm entered RUNNING state, process has stayed up for > than 1 seconds (startsecs)
2019-06-25 01:47:40,595 INFO success: varnish-plugins-watcher entered RUNNING state, process has stayed up for > than 1 seconds (startsecs)
2019-06-25 01:47:40,595 INFO success: nginx entered RUNNING state, process has stayed up for > than 1 seconds (startsecs)
2019-06-25 01:47:40,596 INFO success: MailHog entered RUNNING state, process has stayed up for > than 1 seconds (startsecs)
2019-06-25 01:47:40,596 INFO success: mysql entered RUNNING state, process has stayed up for > than 1 seconds (startsecs)
2019-06-25 01:47:40,596 INFO success: varnish-themes-watcher entered RUNNING state, process has stayed up for > than 1 seconds (startsecs)
2019-06-27 23:19:55,743 WARN received SIGTERM indicating exit request
2019-06-27 23:19:55,743 INFO waiting for varnishd, php-fpm, varnish-plugins-watcher, nginx, MailHog, mysql, varnish-themes-watcher to die
2019-06-27 23:19:55,744 INFO stopped: varnish-themes-watcher (terminated by SIGTERM)
2019-06-27 23:19:55,759 INFO stopped: mysql (exit status 0)
2019-06-27 23:19:55,760 INFO stopped: MailHog (terminated by SIGTERM)
2019-06-27 23:19:55,762 INFO stopped: nginx (exit status 0)
2019-06-27 23:19:56,764 INFO stopped: varnish-plugins-watcher (terminated by SIGTERM)
2019-06-27 23:19:56,778 INFO stopped: php-fpm (exit status 0)
2019-06-27 23:19:57,190 INFO reaped unknown pid 6800
2019-06-27 23:19:57,191 INFO reaped unknown pid 6801
2019-06-27 23:19:57,416 INFO reaped unknown pid 35
2019-06-27 23:19:57,906 INFO stopped: varnishd (exit status 0)
2019-06-28 13:31:33,784 CRIT Supervisor running as root (no user in config file)
2019-06-28 13:31:33,784 INFO Included extra file "/etc/supervisor/conf.d/supervisord.conf" during parsing
2019-06-28 13:31:33,864 INFO RPC interface 'supervisor' initialized
2019-06-28 13:31:33,864 CRIT Server 'unix_http_server' running without any HTTP authentication checking
2019-06-28 13:31:33,864 INFO supervisord started with pid 1
2019-06-28 13:31:34,870 INFO spawned: 'varnishd' with pid 54
2019-06-28 13:31:34,878 INFO spawned: 'php-fpm' with pid 55
2019-06-28 13:31:34,880 INFO spawned: 'varnish-plugins-watcher' with pid 56
2019-06-28 13:31:34,885 INFO spawned: 'nginx' with pid 57
2019-06-28 13:31:34,888 INFO spawned: 'MailHog' with pid 58
2019-06-28 13:31:34,904 INFO spawned: 'mysql' with pid 60
2019-06-28 13:31:34,921 INFO spawned: 'varnish-themes-watcher' with pid 62
2019-06-28 13:31:36,013 INFO success: varnishd entered RUNNING state, process has stayed up for > than 1 seconds (startsecs)
2019-06-28 13:31:36,013 INFO success: php-fpm entered RUNNING state, process has stayed up for > than 1 seconds (startsecs)
2019-06-28 13:31:36,013 INFO success: varnish-plugins-watcher entered RUNNING state, process has stayed up for > than 1 seconds (startsecs)
2019-06-28 13:31:36,013 INFO success: nginx entered RUNNING state, process has stayed up for > than 1 seconds (startsecs)
2019-06-28 13:31:36,013 INFO success: MailHog entered RUNNING state, process has stayed up for > than 1 seconds (startsecs)
2019-06-28 13:31:36,013 INFO success: mysql entered RUNNING state, process has stayed up for > than 1 seconds (startsecs)
2019-06-28 13:31:36,013 INFO success: varnish-themes-watcher entered RUNNING state, process has stayed up for > than 1 seconds (startsecs)
2019-06-30 01:41:19,928 WARN received SIGTERM indicating exit request
2019-06-30 01:41:19,928 INFO waiting for varnishd, php-fpm, varnish-plugins-watcher, nginx, MailHog, mysql, varnish-themes-watcher to die
2019-06-30 01:41:19,929 INFO stopped: varnish-themes-watcher (terminated by SIGTERM)
2019-06-30 01:41:19,944 INFO stopped: mysql (exit status 0)
2019-06-30 01:41:19,945 INFO stopped: MailHog (terminated by SIGTERM)
2019-06-30 01:41:19,946 INFO stopped: nginx (exit status 0)
2019-06-30 01:41:19,947 INFO stopped: varnish-plugins-watcher (terminated by SIGTERM)
2019-06-30 01:41:19,956 INFO stopped: php-fpm (exit status 0)
2019-06-30 01:41:20,635 INFO reaped unknown pid 12906
2019-06-30 01:41:20,636 INFO reaped unknown pid 12907
2019-06-30 01:41:21,085 INFO stopped: varnishd (exit status 0)
2019-06-30 10:58:18,444 CRIT Supervisor running as root (no user in config file)
2019-06-30 10:58:18,454 INFO Included extra file "/etc/supervisor/conf.d/supervisord.conf" during parsing
2019-06-30 10:58:18,500 INFO RPC interface 'supervisor' initialized
2019-06-30 10:58:18,529 CRIT Server 'unix_http_server' running without any HTTP authentication checking
2019-06-30 10:58:18,529 INFO supervisord started with pid 1
2019-06-30 10:58:19,536 INFO spawned: 'varnishd' with pid 53
2019-06-30 10:58:19,545 INFO spawned: 'php-fpm' with pid 54
2019-06-30 10:58:19,549 INFO spawned: 'varnish-plugins-watcher' with pid 55
2019-06-30 10:58:19,553 INFO spawned: 'nginx' with pid 56
2019-06-30 10:58:19,577 INFO spawned: 'MailHog' with pid 57
2019-06-30 10:58:19,589 INFO spawned: 'mysql' with pid 60
2019-06-30 10:58:19,612 INFO spawned: 'varnish-themes-watcher' with pid 61
2019-06-30 10:58:20,701 INFO success: varnishd entered RUNNING state, process has stayed up for > than 1 seconds (startsecs)
2019-06-30 10:58:20,701 INFO success: php-fpm entered RUNNING state, process has stayed up for > than 1 seconds (startsecs)
2019-06-30 10:58:20,701 INFO success: varnish-plugins-watcher entered RUNNING state, process has stayed up for > than 1 seconds (startsecs)
2019-06-30 10:58:20,701 INFO success: nginx entered RUNNING state, process has stayed up for > than 1 seconds (startsecs)
2019-06-30 10:58:20,701 INFO success: MailHog entered RUNNING state, process has stayed up for > than 1 seconds (startsecs)
2019-06-30 10:58:20,701 INFO success: mysql entered RUNNING state, process has stayed up for > than 1 seconds (startsecs)
2019-06-30 10:58:20,702 INFO success: varnish-themes-watcher entered RUNNING state, process has stayed up for > than 1 seconds (startsecs)
2019-07-02 20:08:29,180 WARN received SIGTERM indicating exit request
2019-07-02 20:08:29,181 INFO waiting for varnishd, php-fpm, varnish-plugins-watcher, nginx, MailHog, mysql, varnish-themes-watcher to die
2019-07-02 20:08:29,181 INFO stopped: varnish-themes-watcher (terminated by SIGTERM)
2019-07-02 20:08:29,199 INFO stopped: mysql (exit status 0)
2019-07-02 20:08:29,200 INFO stopped: MailHog (terminated by SIGTERM)
2019-07-02 20:08:29,202 INFO stopped: nginx (exit status 0)
2019-07-02 20:08:30,204 INFO stopped: varnish-plugins-watcher (terminated by SIGTERM)
2019-07-02 20:08:30,215 INFO stopped: php-fpm (exit status 0)
2019-07-02 20:08:30,358 INFO reaped unknown pid 74
2019-07-02 20:08:31,405 INFO stopped: varnishd (exit status 0)
2019-07-04 11:04:04,350 CRIT Supervisor running as root (no user in config file)
2019-07-04 11:04:04,350 INFO Included extra file "/etc/supervisor/conf.d/supervisord.conf" during parsing
2019-07-04 11:04:04,403 INFO RPC interface 'supervisor' initialized
2019-07-04 11:04:04,408 CRIT Server 'unix_http_server' running without any HTTP authentication checking
2019-07-04 11:04:04,410 INFO supervisord started with pid 1
2019-07-04 11:04:05,414 INFO spawned: 'varnishd' with pid 54
2019-07-04 11:04:05,416 INFO spawned: 'php-fpm' with pid 55
2019-07-04 11:04:05,419 INFO spawned: 'varnish-plugins-watcher' with pid 56
2019-07-04 11:04:05,423 INFO spawned: 'nginx' with pid 57
2019-07-04 11:04:05,429 INFO spawned: 'MailHog' with pid 58
2019-07-04 11:04:05,440 INFO spawned: 'mysql' with pid 59
2019-07-04 11:04:05,452 INFO spawned: 'varnish-themes-watcher' with pid 60
2019-07-04 11:04:06,553 INFO success: varnishd entered RUNNING state, process has stayed up for > than 1 seconds (startsecs)
2019-07-04 11:04:06,554 INFO success: php-fpm entered RUNNING state, process has stayed up for > than 1 seconds (startsecs)
2019-07-04 11:04:06,554 INFO success: varnish-plugins-watcher entered RUNNING state, process has stayed up for > than 1 seconds (startsecs)
2019-07-04 11:04:06,554 INFO success: nginx entered RUNNING state, process has stayed up for > than 1 seconds (startsecs)
2019-07-04 11:04:06,554 INFO success: MailHog entered RUNNING state, process has stayed up for > than 1 seconds (startsecs)
2019-07-04 11:04:06,554 INFO success: mysql entered RUNNING state, process has stayed up for > than 1 seconds (startsecs)
2019-07-04 11:04:06,554 INFO success: varnish-themes-watcher entered RUNNING state, process has stayed up for > than 1 seconds (startsecs)
2019-07-04 22:57:56,895 WARN received SIGTERM indicating exit request
2019-07-04 22:57:56,896 INFO waiting for varnishd, php-fpm, varnish-plugins-watcher, nginx, MailHog, mysql, varnish-themes-watcher to die
2019-07-04 22:57:56,896 INFO stopped: varnish-themes-watcher (terminated by SIGTERM)
2019-07-04 22:57:56,911 INFO stopped: mysql (exit status 0)
2019-07-04 22:57:56,911 INFO stopped: MailHog (terminated by SIGTERM)
2019-07-04 22:57:56,913 INFO stopped: nginx (exit status 0)
2019-07-04 22:57:57,916 INFO stopped: varnish-plugins-watcher (terminated by SIGTERM)
2019-07-04 22:57:57,928 INFO stopped: php-fpm (exit status 0)
2019-07-04 22:57:58,473 INFO reaped unknown pid 74
2019-07-04 22:57:59,042 INFO stopped: varnishd (exit status 0)
2019-07-07 11:25:50,903 CRIT Supervisor running as root (no user in config file)
2019-07-07 11:25:50,904 INFO Included extra file "/etc/supervisor/conf.d/supervisord.conf" during parsing
2019-07-07 11:25:50,968 INFO RPC interface 'supervisor' initialized
2019-07-07 11:25:50,976 CRIT Server 'unix_http_server' running without any HTTP authentication checking
2019-07-07 11:25:50,977 INFO supervisord started with pid 1
2019-07-07 11:25:51,981 INFO spawned: 'varnishd' with pid 57
2019-07-07 11:25:51,985 INFO spawned: 'php-fpm' with pid 58
2019-07-07 11:25:51,988 INFO spawned: 'varnish-plugins-watcher' with pid 59
2019-07-07 11:25:51,992 INFO spawned: 'nginx' with pid 60
2019-07-07 11:25:51,999 INFO spawned: 'MailHog' with pid 61
2019-07-07 11:25:52,014 INFO spawned: 'mysql' with pid 62
2019-07-07 11:25:52,040 INFO spawned: 'varnish-themes-watcher' with pid 63
2019-07-07 11:25:53,123 INFO success: varnishd entered RUNNING state, process has stayed up for > than 1 seconds (startsecs)
2019-07-07 11:25:53,123 INFO success: php-fpm entered RUNNING state, process has stayed up for > than 1 seconds (startsecs)
2019-07-07 11:25:53,123 INFO success: varnish-plugins-watcher entered RUNNING state, process has stayed up for > than 1 seconds (startsecs)
2019-07-07 11:25:53,124 INFO success: nginx entered RUNNING state, process has stayed up for > than 1 seconds (startsecs)
2019-07-07 11:25:53,124 INFO success: MailHog entered RUNNING state, process has stayed up for > than 1 seconds (startsecs)
2019-07-07 11:25:53,124 INFO success: mysql entered RUNNING state, process has stayed up for > than 1 seconds (startsecs)
2019-07-07 11:25:53,124 INFO success: varnish-themes-watcher entered RUNNING state, process has stayed up for > than 1 seconds (startsecs)
2019-07-08 12:49:12,227 WARN received SIGTERM indicating exit request
2019-07-08 12:49:12,227 INFO waiting for varnishd, php-fpm, varnish-plugins-watcher, nginx, MailHog, mysql, varnish-themes-watcher to die
2019-07-08 12:49:13,229 INFO stopped: varnish-themes-watcher (terminated by SIGTERM)
2019-07-08 12:49:13,241 INFO stopped: mysql (exit status 0)
2019-07-08 12:49:13,241 INFO stopped: MailHog (terminated by SIGTERM)
2019-07-08 12:49:13,244 INFO stopped: nginx (exit status 0)
2019-07-08 12:49:13,710 INFO stopped: varnish-plugins-watcher (terminated by SIGTERM)
2019-07-08 12:49:13,710 INFO reaped unknown pid 5274
2019-07-08 12:49:13,716 INFO reaped unknown pid 5276
2019-07-08 12:49:13,722 INFO stopped: php-fpm (exit status 0)
2019-07-08 12:49:14,603 INFO reaped unknown pid 75
2019-07-08 12:49:14,816 INFO stopped: varnishd (exit status 0)
2019-07-08 14:35:21,786 CRIT Supervisor running as root (no user in config file)
2019-07-08 14:35:21,786 INFO Included extra file "/etc/supervisor/conf.d/supervisord.conf" during parsing
2019-07-08 14:35:21,826 INFO RPC interface 'supervisor' initialized
2019-07-08 14:35:21,840 CRIT Server 'unix_http_server' running without any HTTP authentication checking
2019-07-08 14:35:21,841 INFO supervisord started with pid 1
2019-07-08 14:35:22,845 INFO spawned: 'varnishd' with pid 51
2019-07-08 14:35:22,848 INFO spawned: 'php-fpm' with pid 52
2019-07-08 14:35:22,850 INFO spawned: 'varnish-plugins-watcher' with pid 53
2019-07-08 14:35:22,852 INFO spawned: 'nginx' with pid 54
2019-07-08 14:35:22,856 INFO spawned: 'MailHog' with pid 55
2019-07-08 14:35:22,870 INFO spawned: 'mysql' with pid 56
2019-07-08 14:35:22,883 INFO spawned: 'varnish-themes-watcher' with pid 57
2019-07-08 14:35:24,007 INFO success: varnishd entered RUNNING state, process has stayed up for > than 1 seconds (startsecs)
2019-07-08 14:35:24,009 INFO success: php-fpm entered RUNNING state, process has stayed up for > than 1 seconds (startsecs)
2019-07-08 14:35:24,009 INFO success: varnish-plugins-watcher entered RUNNING state, process has stayed up for > than 1 seconds (startsecs)
2019-07-08 14:35:24,009 INFO success: nginx entered RUNNING state, process has stayed up for > than 1 seconds (startsecs)
2019-07-08 14:35:24,010 INFO success: MailHog entered RUNNING state, process has stayed up for > than 1 seconds (startsecs)
2019-07-08 14:35:24,010 INFO success: mysql entered RUNNING state, process has stayed up for > than 1 seconds (startsecs)
2019-07-08 14:35:24,010 INFO success: varnish-themes-watcher entered RUNNING state, process has stayed up for > than 1 seconds (startsecs)
2019-07-08 18:13:15,503 WARN received SIGTERM indicating exit request
2019-07-08 18:13:15,504 INFO waiting for varnishd, php-fpm, varnish-plugins-watcher, nginx, MailHog, mysql, varnish-themes-watcher to die
2019-07-08 18:13:15,504 INFO stopped: varnish-themes-watcher (terminated by SIGTERM)
2019-07-08 18:13:15,521 INFO stopped: mysql (exit status 0)
2019-07-08 18:13:15,522 INFO stopped: MailHog (terminated by SIGTERM)
2019-07-08 18:13:15,525 INFO stopped: nginx (exit status 0)
2019-07-08 18:13:16,527 INFO stopped: varnish-plugins-watcher (terminated by SIGTERM)
2019-07-08 18:13:16,540 INFO stopped: php-fpm (exit status 0)
2019-07-08 18:13:16,881 INFO reaped unknown pid 74
2019-07-08 18:13:17,410 INFO reaped unknown pid 1025
2019-07-08 18:13:17,411 INFO reaped unknown pid 1027
2019-07-08 18:13:17,713 INFO stopped: varnishd (exit status 0)
2019-07-09 18:32:10,810 CRIT Supervisor running as root (no user in config file)
2019-07-09 18:32:10,810 INFO Included extra file "/etc/supervisor/conf.d/supervisord.conf" during parsing
2019-07-09 18:32:10,837 INFO RPC interface 'supervisor' initialized
2019-07-09 18:32:10,845 CRIT Server 'unix_http_server' running without any HTTP authentication checking
2019-07-09 18:32:10,847 INFO supervisord started with pid 1
2019-07-09 18:32:11,852 INFO spawned: 'varnishd' with pid 56
2019-07-09 18:32:11,857 INFO spawned: 'php-fpm' with pid 57
2019-07-09 18:32:11,859 INFO spawned: 'varnish-plugins-watcher' with pid 58
2019-07-09 18:32:11,862 INFO spawned: 'nginx' with pid 59
2019-07-09 18:32:11,865 INFO spawned: 'MailHog' with pid 60
2019-07-09 18:32:11,883 INFO spawned: 'mysql' with pid 61
2019-07-09 18:32:11,901 INFO spawned: 'varnish-themes-watcher' with pid 64
2019-07-09 18:32:12,988 INFO success: varnishd entered RUNNING state, process has stayed up for > than 1 seconds (startsecs)
2019-07-09 18:32:12,990 INFO success: php-fpm entered RUNNING state, process has stayed up for > than 1 seconds (startsecs)
2019-07-09 18:32:12,990 INFO success: varnish-plugins-watcher entered RUNNING state, process has stayed up for > than 1 seconds (startsecs)
2019-07-09 18:32:12,990 INFO success: nginx entered RUNNING state, process has stayed up for > than 1 seconds (startsecs)
2019-07-09 18:32:12,991 INFO success: MailHog entered RUNNING state, process has stayed up for > than 1 seconds (startsecs)
2019-07-09 18:32:12,991 INFO success: mysql entered RUNNING state, process has stayed up for > than 1 seconds (startsecs)
2019-07-09 18:32:12,991 INFO success: varnish-themes-watcher entered RUNNING state, process has stayed up for > than 1 seconds (startsecs)
2019-07-10 01:40:50,988 WARN received SIGTERM indicating exit request
2019-07-10 01:40:50,989 INFO waiting for varnishd, php-fpm, varnish-plugins-watcher, nginx, MailHog, mysql, varnish-themes-watcher to die
2019-07-10 01:40:50,989 INFO stopped: varnish-themes-watcher (terminated by SIGTERM)
2019-07-10 01:40:51,005 INFO stopped: mysql (exit status 0)
2019-07-10 01:40:51,005 INFO stopped: MailHog (terminated by SIGTERM)
2019-07-10 01:40:51,011 INFO stopped: nginx (exit status 0)
2019-07-10 01:40:52,015 INFO stopped: varnish-plugins-watcher (terminated by SIGTERM)
2019-07-10 01:40:52,027 INFO stopped: php-fpm (exit status 0)
2019-07-10 01:40:52,472 INFO reaped unknown pid 74
2019-07-10 01:40:53,262 INFO stopped: varnishd (exit status 0)
2019-07-12 19:58:27,859 CRIT Supervisor running as root (no user in config file)
2019-07-12 19:58:27,859 INFO Included extra file "/etc/supervisor/conf.d/supervisord.conf" during parsing
2019-07-12 19:58:27,885 INFO RPC interface 'supervisor' initialized
2019-07-12 19:58:27,885 CRIT Server 'unix_http_server' running without any HTTP authentication checking
2019-07-12 19:58:27,885 INFO supervisord started with pid 1
2019-07-12 19:58:28,891 INFO spawned: 'varnishd' with pid 25
2019-07-12 19:58:28,896 INFO spawned: 'php-fpm' with pid 26
2019-07-12 19:58:28,898 INFO spawned: 'varnish-plugins-watcher' with pid 27
2019-07-12 19:58:28,901 INFO spawned: 'nginx' with pid 28
2019-07-12 19:58:28,907 INFO spawned: 'MailHog' with pid 29
2019-07-12 19:58:28,926 INFO spawned: 'mysql' with pid 30
2019-07-12 19:58:28,941 INFO spawned: 'varnish-themes-watcher' with pid 34
2019-07-12 19:58:30,026 INFO success: varnishd entered RUNNING state, process has stayed up for > than 1 seconds (startsecs)
2019-07-12 19:58:30,027 INFO success: php-fpm entered RUNNING state, process has stayed up for > than 1 seconds (startsecs)
2019-07-12 19:58:30,027 INFO success: varnish-plugins-watcher entered RUNNING state, process has stayed up for > than 1 seconds (startsecs)
2019-07-12 19:58:30,027 INFO success: nginx entered RUNNING state, process has stayed up for > than 1 seconds (startsecs)
2019-07-12 19:58:30,027 INFO success: MailHog entered RUNNING state, process has stayed up for > than 1 seconds (startsecs)
2019-07-12 19:58:30,027 INFO success: mysql entered RUNNING state, process has stayed up for > than 1 seconds (startsecs)
2019-07-12 19:58:30,027 INFO success: varnish-themes-watcher entered RUNNING state, process has stayed up for > than 1 seconds (startsecs)
2019-07-12 21:50:57,410 WARN received SIGTERM indicating exit request
2019-07-12 21:50:57,410 INFO waiting for varnishd, php-fpm, varnish-plugins-watcher, nginx, MailHog, mysql, varnish-themes-watcher to die
2019-07-12 21:50:57,411 INFO stopped: varnish-themes-watcher (terminated by SIGTERM)
2019-07-12 21:50:57,426 INFO stopped: mysql (exit status 0)
2019-07-12 21:50:57,426 INFO stopped: MailHog (terminated by SIGTERM)
2019-07-12 21:50:57,428 INFO stopped: nginx (exit status 0)
2019-07-12 21:50:58,430 INFO stopped: varnish-plugins-watcher (terminated by SIGTERM)
2019-07-12 21:50:58,444 INFO stopped: php-fpm (exit status 0)
2019-07-12 21:50:58,757 INFO reaped unknown pid 43
2019-07-12 21:50:59,559 INFO stopped: varnishd (exit status 0)
2019-07-15 11:49:27,752 CRIT Supervisor running as root (no user in config file)
2019-07-15 11:49:27,752 INFO Included extra file "/etc/supervisor/conf.d/supervisord.conf" during parsing
2019-07-15 11:49:27,815 INFO RPC interface 'supervisor' initialized
2019-07-15 11:49:27,820 CRIT Server 'unix_http_server' running without any HTTP authentication checking
2019-07-15 11:49:27,822 INFO supervisord started with pid 1
2019-07-15 11:49:28,826 INFO spawned: 'varnishd' with pid 56
2019-07-15 11:49:28,830 INFO spawned: 'php-fpm' with pid 57
2019-07-15 11:49:28,832 INFO spawned: 'varnish-plugins-watcher' with pid 58
2019-07-15 11:49:28,835 INFO spawned: 'nginx' with pid 59
2019-07-15 11:49:28,837 INFO spawned: 'MailHog' with pid 60
2019-07-15 11:49:28,842 INFO spawned: 'mysql' with pid 61
2019-07-15 11:49:28,853 INFO spawned: 'varnish-themes-watcher' with pid 62
2019-07-15 11:49:30,010 INFO success: varnishd entered RUNNING state, process has stayed up for > than 1 seconds (startsecs)
2019-07-15 11:49:30,010 INFO success: php-fpm entered RUNNING state, process has stayed up for > than 1 seconds (startsecs)
2019-07-15 11:49:30,011 INFO success: varnish-plugins-watcher entered RUNNING state, process has stayed up for > than 1 seconds (startsecs)
2019-07-15 11:49:30,011 INFO success: nginx entered RUNNING state, process has stayed up for > than 1 seconds (startsecs)
2019-07-15 11:49:30,011 INFO success: MailHog entered RUNNING state, process has stayed up for > than 1 seconds (startsecs)
2019-07-15 11:49:30,011 INFO success: mysql entered RUNNING state, process has stayed up for > than 1 seconds (startsecs)
2019-07-15 11:49:30,011 INFO success: varnish-themes-watcher entered RUNNING state, process has stayed up for > than 1 seconds (startsecs)
2019-07-18 20:17:37,429 WARN received SIGTERM indicating exit request
2019-07-18 20:17:37,429 INFO waiting for varnishd, php-fpm, varnish-plugins-watcher, nginx, MailHog, mysql, varnish-themes-watcher to die
2019-07-18 20:17:38,432 INFO stopped: varnish-themes-watcher (terminated by SIGTERM)
2019-07-18 20:17:38,445 INFO stopped: mysql (exit status 0)
2019-07-18 20:17:38,446 INFO stopped: MailHog (terminated by SIGTERM)
2019-07-18 20:17:38,448 INFO stopped: nginx (exit status 0)
2019-07-18 20:17:38,448 INFO stopped: varnish-plugins-watcher (terminated by SIGTERM)
2019-07-18 20:17:38,460 INFO stopped: php-fpm (exit status 0)
2019-07-18 20:17:39,632 INFO stopped: varnishd (exit status 0)
2019-07-20 12:17:23,166 CRIT Supervisor running as root (no user in config file)
2019-07-20 12:17:23,167 INFO Included extra file "/etc/supervisor/conf.d/supervisord.conf" during parsing
2019-07-20 12:17:23,234 INFO RPC interface 'supervisor' initialized
2019-07-20 12:17:23,234 CRIT Server 'unix_http_server' running without any HTTP authentication checking
2019-07-20 12:17:23,234 INFO supervisord started with pid 1
2019-07-20 12:17:24,238 INFO spawned: 'varnishd' with pid 57
2019-07-20 12:17:24,242 INFO spawned: 'php-fpm' with pid 58
2019-07-20 12:17:24,244 INFO spawned: 'varnish-plugins-watcher' with pid 59
2019-07-20 12:17:24,248 INFO spawned: 'nginx' with pid 60
2019-07-20 12:17:24,254 INFO spawned: 'MailHog' with pid 61
2019-07-20 12:17:24,262 INFO spawned: 'mysql' with pid 62
2019-07-20 12:17:24,270 INFO spawned: 'varnish-themes-watcher' with pid 63
2019-07-20 12:17:25,436 INFO success: varnishd entered RUNNING state, process has stayed up for > than 1 seconds (startsecs)
2019-07-20 12:17:25,436 INFO success: php-fpm entered RUNNING state, process has stayed up for > than 1 seconds (startsecs)
2019-07-20 12:17:25,436 INFO success: varnish-plugins-watcher entered RUNNING state, process has stayed up for > than 1 seconds (startsecs)
2019-07-20 12:17:25,436 INFO success: nginx entered RUNNING state, process has stayed up for > than 1 seconds (startsecs)
2019-07-20 12:17:25,436 INFO success: MailHog entered RUNNING state, process has stayed up for > than 1 seconds (startsecs)
2019-07-20 12:17:25,436 INFO success: mysql entered RUNNING state, process has stayed up for > than 1 seconds (startsecs)
2019-07-20 12:17:25,436 INFO success: varnish-themes-watcher entered RUNNING state, process has stayed up for > than 1 seconds (startsecs)
2019-07-20 12:17:38,830 WARN received SIGTERM indicating exit request
2019-07-20 12:17:38,831 INFO waiting for varnishd, php-fpm, varnish-plugins-watcher, nginx, MailHog, mysql, varnish-themes-watcher to die
2019-07-20 12:17:38,831 INFO stopped: varnish-themes-watcher (terminated by SIGTERM)
2019-07-20 12:17:38,847 INFO stopped: mysql (exit status 0)
2019-07-20 12:17:38,848 INFO stopped: MailHog (terminated by SIGTERM)
2019-07-20 12:17:38,853 INFO stopped: nginx (exit status 0)
2019-07-20 12:17:39,344 INFO stopped: varnish-plugins-watcher (terminated by SIGTERM)
2019-07-20 12:17:39,345 INFO reaped unknown pid 366
2019-07-20 12:17:39,353 INFO stopped: php-fpm (exit status 0)
2019-07-20 12:17:39,353 INFO reaped unknown pid 368
2019-07-20 12:17:39,923 INFO reaped unknown pid 75
2019-07-20 12:17:40,476 INFO stopped: varnishd (exit status 0)
2019-07-20 12:18:02,531 CRIT Supervisor running as root (no user in config file)
2019-07-20 12:18:02,531 INFO Included extra file "/etc/supervisor/conf.d/supervisord.conf" during parsing
2019-07-20 12:18:02,613 INFO RPC interface 'supervisor' initialized
2019-07-20 12:18:02,613 CRIT Server 'unix_http_server' running without any HTTP authentication checking
2019-07-20 12:18:02,614 INFO supervisord started with pid 1
2019-07-20 12:18:03,618 INFO spawned: 'varnishd' with pid 53
2019-07-20 12:18:03,621 INFO spawned: 'php-fpm' with pid 54
2019-07-20 12:18:03,624 INFO spawned: 'varnish-plugins-watcher' with pid 55
2019-07-20 12:18:03,628 INFO spawned: 'nginx' with pid 56
2019-07-20 12:18:03,630 INFO spawned: 'MailHog' with pid 57
2019-07-20 12:18:03,646 INFO spawned: 'mysql' with pid 60
2019-07-20 12:18:03,654 INFO spawned: 'varnish-themes-watcher' with pid 62
2019-07-20 12:18:04,745 INFO success: varnishd entered RUNNING state, process has stayed up for > than 1 seconds (startsecs)
2019-07-20 12:18:04,745 INFO success: php-fpm entered RUNNING state, process has stayed up for > than 1 seconds (startsecs)
2019-07-20 12:18:04,745 INFO success: varnish-plugins-watcher entered RUNNING state, process has stayed up for > than 1 seconds (startsecs)
2019-07-20 12:18:04,745 INFO success: nginx entered RUNNING state, process has stayed up for > than 1 seconds (startsecs)
2019-07-20 12:18:04,745 INFO success: MailHog entered RUNNING state, process has stayed up for > than 1 seconds (startsecs)
2019-07-20 12:18:04,745 INFO success: mysql entered RUNNING state, process has stayed up for > than 1 seconds (startsecs)
2019-07-20 12:18:04,745 INFO success: varnish-themes-watcher entered RUNNING state, process has stayed up for > than 1 seconds (startsecs)
