[25-Jun-2019 01:47:39] NOTICE: fpm is running, pid 16
[25-Jun-2019 01:47:39] NOTICE: ready to handle connections
[27-Jun-2019 23:19:56] NOTICE: Terminating ...
[27-Jun-2019 23:19:56] NOTICE: exiting, bye-bye!
[28-Jun-2019 13:31:35] NOTICE: fpm is running, pid 55
[28-Jun-2019 13:31:35] NOTICE: ready to handle connections
[30-Jun-2019 01:41:19] NOTICE: Terminating ...
[30-Jun-2019 01:41:19] NOTICE: exiting, bye-bye!
[30-Jun-2019 10:58:19] NOTICE: fpm is running, pid 54
[30-Jun-2019 10:58:19] NOTICE: ready to handle connections
[02-Jul-2019 20:08:30] NOTICE: Terminating ...
[02-Jul-2019 20:08:30] NOTICE: exiting, bye-bye!
[04-Jul-2019 11:04:05] NOTICE: fpm is running, pid 55
[04-Jul-2019 11:04:05] NOTICE: ready to handle connections
[04-Jul-2019 22:57:57] NOTICE: Terminating ...
[04-Jul-2019 22:57:57] NOTICE: exiting, bye-bye!
[07-Jul-2019 11:25:52] NOTICE: fpm is running, pid 58
[07-Jul-2019 11:25:52] NOTICE: ready to handle connections
[08-Jul-2019 12:49:13] NOTICE: Terminating ...
[08-Jul-2019 12:49:13] NOTICE: exiting, bye-bye!
[08-Jul-2019 14:35:23] NOTICE: fpm is running, pid 52
[08-Jul-2019 14:35:23] NOTICE: ready to handle connections
[08-Jul-2019 18:13:16] NOTICE: Terminating ...
[08-Jul-2019 18:13:16] NOTICE: exiting, bye-bye!
[09-Jul-2019 18:32:11] NOTICE: fpm is running, pid 57
[09-Jul-2019 18:32:11] NOTICE: ready to handle connections
